Base path: C:/Program Files/Unity/Editor/Data
Pipe name: \\.\pipe\UnityShaderCompiler-64bit-1-2528
Cmd: getPlatforms
Cmd: preprocess
  insize=11276 outsize=717 ok=1
Cmd: compileSnippet
  api=4 type=0 insize=10591 outsize=1006 kw= ok=1
Cmd: compileSnippet
  api=4 type=1 insize=10591 outsize=1688 kw= ok=1
Cmd: compileSnippet
  api=4 type=0 insize=10613 outsize=1006 kw= ok=1
Cmd: compileSnippet
  api=4 type=1 insize=10613 outsize=9285 kw= ok=1
Cmd: compileSnippet
  api=4 type=0 insize=10612 outsize=1006 kw= ok=1
Cmd: compileSnippet
  api=4 type=1 insize=10612 outsize=9301 kw= ok=1
Cmd: preprocess
  insize=1209 outsize=458 ok=1
Cmd: compileSnippet
  api=4 type=0 insize=997 outsize=1006 kw= ok=1
Cmd: compileSnippet
  api=4 type=1 insize=997 outsize=859 kw= ok=1
Cmd: compileSnippet
  api=4 type=0 insize=996 outsize=1006 kw= ok=1
Cmd: compileSnippet
  api=4 type=1 insize=996 outsize=859 kw= ok=1
Cmd: preprocess
  insize=5227 outsize=2186 ok=1
Cmd: compileSnippet
  api=4 type=0 insize=3345 outsize=1973 kw=WATER_REFRACTIVE ok=1
Cmd: compileSnippet
  api=4 type=1 insize=3345 outsize=2891 kw=WATER_REFRACTIVE ok=1
Cmd: preprocess
  insize=1173 outsize=314 ok=1
Cmd: compileSnippet
  api=4 type=0 insize=1164 outsize=1753 kw= ok=1
Cmd: compileSnippet
  api=4 type=1 insize=1164 outsize=1412 kw= ok=1
Cmd: preprocess
  insize=32636 outsize=273 ok=1
Cmd: compileSnippet
  api=4 type=0 insize=32665 outsize=1006 kw= ok=1
Cmd: compileSnippet
  api=4 type=1 insize=32665 outsize=10764 kw= ok=1
Cmd: preprocess
  insize=5357 outsize=1799 ok=1
Cmd: compileSnippet
  api=4 type=0 insize=3204 outsize=1355 kw= ok=1
Cmd: compileSnippet
  api=4 type=1 insize=3204 outsize=1176 kw= ok=1
Cmd: compileSnippet
  api=4 type=0 insize=3201 outsize=1355 kw= ok=1
Cmd: compileSnippet
  api=4 type=1 insize=3201 outsize=949 kw= ok=1
Cmd: compileSnippet
  api=4 type=0 insize=3217 outsize=1769 kw= ok=1
Cmd: compileSnippet
  api=4 type=1 insize=3217 outsize=1444 kw= ok=1
Cmd: compileSnippet
  api=4 type=0 insize=3209 outsize=1355 kw= ok=1
Cmd: compileSnippet
  api=4 type=1 insize=3209 outsize=868 kw= ok=1
Cmd: compileSnippet
  api=4 type=0 insize=3209 outsize=1355 kw= ok=1
Cmd: compileSnippet
  api=4 type=1 insize=3209 outsize=1176 kw= ok=1
Cmd: compileSnippet
  api=4 type=0 insize=3206 outsize=1355 kw= ok=1
Cmd: compileSnippet
  api=4 type=1 insize=3206 outsize=949 kw= ok=1
Cmd: compileSnippet
  api=4 type=0 insize=3218 outsize=1769 kw= ok=1
Cmd: compileSnippet
  api=4 type=1 insize=3218 outsize=1371 kw= ok=1
Cmd: compileSnippet
  api=4 type=0 insize=3211 outsize=1355 kw= ok=1
Cmd: compileSnippet
  api=4 type=1 insize=3211 outsize=786 kw= ok=1
Cmd: compileSnippet
  api=4 type=0 insize=3203 outsize=1355 kw= ok=1
Cmd: compileSnippet
  api=4 type=1 insize=3203 outsize=575 kw= ok=1
Cmd: compileSnippet
  api=4 type=0 insize=3207 outsize=1355 kw= ok=1
Cmd: compileSnippet
  api=4 type=1 insize=3207 outsize=778 kw= ok=1
Cmd: compileSnippet
  api=4 type=0 insize=3202 outsize=1355 kw= ok=1
Cmd: compileSnippet
  api=4 type=1 insize=3202 outsize=664 kw= ok=1
Cmd: preprocess
  insize=27271 outsize=4693 ok=1
Cmd: compileSnippet
  api=4 type=0 insize=19248 outsize=1314 kw= ok=1
Cmd: compileSnippet
  api=4 type=1 insize=19248 outsize=1436 kw= ok=1
Cmd: compileSnippet
  api=4 type=0 insize=19254 outsize=2111 kw= ok=1
Cmd: compileSnippet
  api=4 type=1 insize=19254 outsize=3931 kw= ok=1
Cmd: compileSnippet
  api=4 type=0 insize=19257 outsize=2111 kw= ok=1
Cmd: compileSnippet
  api=4 type=1 insize=19257 outsize=7587 kw= ok=1
Cmd: compileSnippet
  api=4 type=0 insize=19236 outsize=1314 kw= ok=1
Cmd: compileSnippet
  api=4 type=1 insize=19236 outsize=664 kw= ok=1
Cmd: compileSnippet
  api=4 type=0 insize=19252 outsize=1314 kw= ok=1
Cmd: compileSnippet
  api=4 type=1 insize=19252 outsize=1428 kw= ok=1
Cmd: compileSnippet
  api=4 type=0 insize=19239 outsize=1314 kw= ok=1
Cmd: compileSnippet
  api=4 type=1 insize=19239 outsize=2574 kw= ok=1
Cmd: compileSnippet
  api=4 type=0 insize=19250 outsize=1314 kw= ok=1
Cmd: compileSnippet
  api=4 type=1 insize=19250 outsize=2111 kw= ok=1
Cmd: compileSnippet
  api=4 type=0 insize=19246 outsize=1314 kw= ok=1
Cmd: compileSnippet
  api=4 type=1 insize=19246 outsize=843 kw= ok=1
Cmd: compileSnippet
  api=4 type=0 insize=19256 outsize=1314 kw= ok=1
Cmd: compileSnippet
  api=4 type=1 insize=19256 outsize=1501 kw= ok=1
Cmd: compileSnippet
  api=4 type=0 insize=19249 outsize=1314 kw= ok=1
Cmd: compileSnippet
  api=4 type=1 insize=19249 outsize=1233 kw= ok=1
Cmd: compileSnippet
  api=4 type=0 insize=19256 outsize=1314 kw= ok=1
Cmd: compileSnippet
  api=4 type=1 insize=19256 outsize=1818 kw= ok=1
Cmd: compileSnippet
  api=4 type=0 insize=19244 outsize=1314 kw= ok=1
Cmd: compileSnippet
  error: 1 plat 4 at (92): gradient-based operations must be moved out of flow control to prevent divergence. Performance may improve by using a non-gradient operation\nCompiling Fragment program
  error: 1 plat 4 at (168): gradient-based operations must be moved out of flow control to prevent divergence. Performance may improve by using a non-gradient operation\nCompiling Fragment program
  api=4 type=1 insize=19244 outsize=3102 kw= ok=1
Cmd: compileSnippet
  api=4 type=0 insize=19253 outsize=1314 kw= ok=1
Cmd: compileSnippet
  api=4 type=1 insize=19253 outsize=3500 kw= ok=1
Cmd: compileSnippet
  api=4 type=0 insize=19240 outsize=1314 kw= ok=1
Cmd: compileSnippet
  api=4 type=1 insize=19240 outsize=1558 kw= ok=1
Cmd: compileSnippet
  api=4 type=0 insize=19255 outsize=1314 kw= ok=1
Cmd: compileSnippet
  api=4 type=1 insize=19255 outsize=1046 kw= ok=1
Cmd: compileSnippet
  api=4 type=0 insize=19245 outsize=1314 kw= ok=1
Cmd: compileSnippet
  api=4 type=1 insize=19245 outsize=1404 kw= ok=1
Cmd: compileSnippet
  api=4 type=0 insize=19238 outsize=1314 kw= ok=1
Cmd: compileSnippet
  api=4 type=1 insize=19238 outsize=859 kw= ok=1
Cmd: compileSnippet
  api=4 type=0 insize=19245 outsize=1314 kw= ok=1
Cmd: compileSnippet
  error: 1 plat 4 at (97): gradient-based operations must be moved out of flow control to prevent divergence. Performance may improve by using a non-gradient operation\nCompiling Fragment program
  error: 1 plat 4 at (200): gradient-based operations must be moved out of flow control to prevent divergence. Performance may improve by using a non-gradient operation\nCompiling Fragment program
  api=4 type=1 insize=19245 outsize=3858 kw= ok=1
Cmd: compileSnippet
  api=4 type=0 insize=19253 outsize=1314 kw= ok=1
Cmd: compileSnippet
  api=4 type=1 insize=19253 outsize=3760 kw= ok=1
Cmd: compileSnippet
  api=4 type=0 insize=19263 outsize=2111 kw= ok=1
Cmd: compileSnippet
  api=4 type=1 insize=19263 outsize=4670 kw= ok=1
Cmd: compileSnippet
  api=4 type=0 insize=19241 outsize=1314 kw= ok=1
Cmd: compileSnippet
  api=4 type=1 insize=19241 outsize=778 kw= ok=1
Cmd: compileSnippet
  api=4 type=0 insize=19243 outsize=1314 kw= ok=1
Cmd: compileSnippet
  api=4 type=1 insize=19243 outsize=2574 kw= ok=1
Cmd: compileSnippet
  api=4 type=0 insize=19261 outsize=1314 kw= ok=1
Cmd: compileSnippet
  api=4 type=1 insize=19261 outsize=664 kw= ok=1
Cmd: preprocess
  insize=1737 outsize=297 ok=1
Cmd: compileSnippet
  api=4 type=0 insize=1742 outsize=1729 kw= ok=1
Cmd: compileSnippet
  api=4 type=1 insize=1742 outsize=4629 kw= ok=1
Cmd: preprocess
  insize=5633 outsize=757 ok=1
Cmd: compileSnippet
  api=4 type=0 insize=4670 outsize=1006 kw= ok=1
Cmd: compileSnippet
  api=4 type=1 insize=4670 outsize=1201 kw= ok=1
Cmd: compileSnippet
  api=4 type=0 insize=4674 outsize=2151 kw= ok=1
Cmd: compileSnippet
  api=4 type=1 insize=4674 outsize=1851 kw= ok=1
Cmd: compileSnippet
  api=4 type=0 insize=4684 outsize=2159 kw= ok=1
Cmd: compileSnippet
  api=4 type=1 insize=4684 outsize=2753 kw= ok=1
Cmd: compileSnippet
  api=4 type=0 insize=4679 outsize=2159 kw= ok=1
Cmd: compileSnippet
  api=4 type=1 insize=4679 outsize=2419 kw= ok=1
Cmd: compileSnippet
  api=4 type=0 insize=4685 outsize=1753 kw= ok=1
Cmd: compileSnippet
  api=4 type=1 insize=4685 outsize=2371 kw= ok=1
Cmd: preprocess
  insize=32646 outsize=272 ok=1
Cmd: compileSnippet
  api=4 type=0 insize=32675 outsize=1006 kw= ok=1
Cmd: compileSnippet
  api=4 type=1 insize=32675 outsize=10699 kw= ok=1
Cmd: preprocess
  insize=5149 outsize=1741 ok=1
Cmd: compileSnippet
  api=4 type=0 insize=3712 outsize=1769 kw= ok=1
Cmd: compileSnippet
  api=4 type=1 insize=3712 outsize=6961 kw= ok=1
Cmd: preprocess
  insize=6801 outsize=255 ok=1
Cmd: compileSnippet
  api=4 type=0 insize=6848 outsize=1396 kw= ok=1
Cmd: compileSnippet
  api=4 type=1 insize=6848 outsize=4434 kw= ok=1
Cmd: preprocess
  insize=4528 outsize=555 ok=1
Cmd: compileSnippet
  api=4 type=0 insize=4182 outsize=2216 kw= ok=1
Cmd: compileSnippet
  api=4 type=1 insize=4182 outsize=7043 kw= ok=1
Cmd: compileSnippet
  api=4 type=0 insize=4186 outsize=2216 kw= ok=1
Cmd: compileSnippet
  api=4 type=1 insize=4186 outsize=6108 kw= ok=1
Cmd: preprocess
  insize=5752 outsize=1269 ok=1
Cmd: compileSnippet
  api=4 type=0 insize=4241 outsize=1444 kw= ok=1
Cmd: compileSnippet
  api=4 type=1 insize=4241 outsize=3208 kw= ok=1
Cmd: compileSnippet
  error: 1 plat 4 at (72): Output value 'vertApply' is not completely initialized\nCompiling Vertex program
  api=4 type=0 insize=3327 outsize=1201 kw= ok=1
Cmd: compileSnippet
  api=4 type=1 insize=3327 outsize=1672 kw= ok=1
Cmd: compileSnippet
  api=4 type=4 insize=3327 outsize=3606 kw= ok=1
Cmd: compileSnippet
  error: 1 plat 4 at (72): Output value 'vertApply' is not completely initialized\nCompiling Vertex program
  api=4 type=0 insize=3327 outsize=1201 kw= ok=1
Cmd: compileSnippet
  api=4 type=1 insize=3327 outsize=1672 kw= ok=1
Cmd: compileSnippet
  api=4 type=4 insize=3327 outsize=3606 kw= ok=1
Cmd: compileSnippet
  api=4 type=0 insize=959 outsize=1087 kw= ok=1
Cmd: compileSnippet
  api=4 type=1 insize=959 outsize=616 kw= ok=1
Cmd: compileSnippet
  api=4 type=0 insize=65644 outsize=4012 kw=DIRECTIONAL SHADOWS_OFF LIGHTMAP_OFF DIRLIGHTMAP_OFF DYNAMICLIGHTMAP_OFF ok=1
Cmd: compileSnippet
  api=4 type=1 insize=65644 outsize=3809 kw=DIRECTIONAL SHADOWS_OFF LIGHTMAP_OFF DIRLIGHTMAP_OFF DYNAMICLIGHTMAP_OFF ok=1
Cmd: compileSnippet
  api=4 type=0 insize=41746 outsize=3256 kw=DIRECTIONAL ok=1
Cmd: compileSnippet
  api=4 type=1 insize=41746 outsize=3281 kw=DIRECTIONAL ok=1
Cmd: compileSnippet
  api=4 type=0 insize=1705 outsize=1290 kw=SOFTPARTICLES_OFF ok=1
Cmd: compileSnippet
  api=4 type=1 insize=1705 outsize=924 kw=SOFTPARTICLES_OFF ok=1
Cmd: compileSnippet
  api=4 type=0 insize=7257 outsize=4873 kw=DIRECTIONAL SHADOWS_OFF LIGHTMAP_OFF DIRLIGHTMAP_OFF DYNAMICLIGHTMAP_OFF ok=1
Cmd: compileSnippet
  api=4 type=1 insize=7257 outsize=2054 kw=DIRECTIONAL SHADOWS_OFF LIGHTMAP_OFF DIRLIGHTMAP_OFF DYNAMICLIGHTMAP_OFF ok=1
Cmd: compileSnippet
  api=4 type=0 insize=4694 outsize=3955 kw=DIRECTIONAL ok=1
Cmd: compileSnippet
  api=4 type=1 insize=4694 outsize=1956 kw=DIRECTIONAL ok=1
